<?xml version="1.0" encoding="UTF-8"?>
<testsuite xmlns:xsi="http://www.w3.org/2001/XMLSchema-instance" xsi:noNamespaceSchemaLocation="https://maven.apache.org/surefire/maven-surefire-plugin/xsd/surefire-test-report-3.0.xsd" version="3.0" name="com.autopickup.command.AutoPickupCommandTest" time="2.136" tests="6" errors="0" skipped="0" failures="0">
  <properties>
[...]
</properties>
  <testcase name="player_toggleOnToOff_setsEnabledAndSendsToggledOff" classname="com.autopickup.command.AutoPickupCommandTest" time="2.073">
    <system-err><![CDATA[WARNING: A Java agent has been loaded dynamically (C:\Users\jack3\.m2\repository\net\bytebuddy\byte-buddy-agent\1.14.10\byte-buddy-agent-1.14.10.jar)
WARNING: If a serviceability tool is in use, please run with -XX:+EnableDynamicAgentLoading to hide this warning
WARNING: If a serviceability tool is not in use, please run with -Djdk.instrument.traceUsage for more information
WARNING: Dynamic loading of agents will be disallowed by default in a future release
]]></system-err>
  </testcase>
  <testcase name="notPlayer_sendsPlayersOnlyMessage" classname="com.autopickup.command.AutoPickupCommandTest" time="0.008"/>
  <testcase name="player_argOn_setsEnabledTrue" classname="com.autopickup.command.AutoPickupCommandTest" time="0.005"/>
  <testcase name="player_toggleOffToOn_setsEnabledAndSendsToggledOn" classname="com.autopickup.command.AutoPickupCommandTest" time="0.004"/>
  <testcase name="player_argOff_setsEnabledFalse" classname="com.autopickup.command.AutoPickupCommandTest" time="0.005"/>
  <testcase name="noPermission_sendsNoPermissionMessage" classname="com.autopickup.command.AutoPickupCommandTest" time="0.003"/>
</testsuite>